2023.02.07 10:56:02 INFO  tracing is disabled for protocol LSP, to enable tracing of incoming and outgoing JSON messages create an empty file at /home/lars/studium/semester5/dbsys2/four/.metals/lsp.trace.json or /home/lars/.cache/metals/lsp.trace.json
2023.02.07 10:56:03 INFO  logging to file /home/lars/studium/semester5/dbsys2/four/.metals/metals.log
2023.02.07 10:56:03 INFO  Started: Metals version 0.11.10 in workspace '/home/lars/studium/semester5/dbsys2/four' for client Visual Studio Code 1.75.0.
SLF4J: No SLF4J providers were found.
SLF4J: Defaulting to no-operation (NOP) logger implementation
SLF4J: See https://www.slf4j.org/codes.html#noProviders for further details.
SLF4J: Class path contains SLF4J bindings targeting slf4j-api versions 1.7.x or earlier.
SLF4J: Ignoring binding found at [jar:file:/home/lars/.cache/coursier/v1/https/repo1.maven.org/maven2/com/outr/scribe-slf4j_2.13/3.10.5/scribe-slf4j_2.13-3.10.5.jar!/org/slf4j/impl/StaticLoggerBinder.class]
SLF4J: See https://www.slf4j.org/codes.html#ignoredBindings for an explanation.
2023.02.07 10:56:05 INFO  time: initialize in 2.44s
2023.02.07 10:56:08 WARN  Build server is not auto-connectable.
2023.02.07 10:56:08 WARN  no build tool detected in workspace '/home/lars/studium/semester5/dbsys2/four'. The most common cause for this problem is that the editor was opened in the wrong working directory, for example if you use sbt then the workspace directory should contain build.sbt. 
2023.02.07 10:56:08 WARN  no build target for: /home/lars/studium/semester5/dbsys2/four/src/Aufgabe1_c.java
Feb 07, 2023 10:56:08 AM org.eclipse.lsp4j.jsonrpc.RemoteEndpoint handleCancellation
WARNING: Unmatched cancel notification for request id 5
2023.02.07 10:56:09 INFO  time: code lens generation in 1.24s
2023.02.07 10:56:09 INFO  time: code lens generation in 1.1s
Feb 07, 2023 10:56:54 AM org.eclipse.lsp4j.jsonrpc.services.GenericEndpoint notify
INFO: Unsupported notification method: $/setTrace
2023.02.07 10:57:40 WARN  no build target for: /home/lars/studium/semester5/dbsys2/four/src/Aufgabe1_e.java
2023.02.07 10:57:41 INFO  time: code lens generation in 1.08s
2023.02.07 17:09:35 INFO  tracing is disabled for protocol LSP, to enable tracing of incoming and outgoing JSON messages create an empty file at /home/lars/studium/semester5/dbsys2/four/.metals/lsp.trace.json or /home/lars/.cache/metals/lsp.trace.json
2023.02.07 17:09:36 INFO  logging to file /home/lars/studium/semester5/dbsys2/four/.metals/metals.log
2023.02.07 17:09:36 INFO  Started: Metals version 0.11.10 in workspace '/home/lars/studium/semester5/dbsys2/four' for client Visual Studio Code 1.75.0.
SLF4J: No SLF4J providers were found.
SLF4J: Defaulting to no-operation (NOP) logger implementation
SLF4J: See https://www.slf4j.org/codes.html#noProviders for further details.
SLF4J: Class path contains SLF4J bindings targeting slf4j-api versions 1.7.x or earlier.
SLF4J: Ignoring binding found at [jar:file:/home/lars/.cache/coursier/v1/https/repo1.maven.org/maven2/com/outr/scribe-slf4j_2.13/3.10.5/scribe-slf4j_2.13-3.10.5.jar!/org/slf4j/impl/StaticLoggerBinder.class]
SLF4J: See https://www.slf4j.org/codes.html#ignoredBindings for an explanation.
2023.02.07 17:09:38 INFO  time: initialize in 2.07s
2023.02.07 17:09:40 WARN  Build server is not auto-connectable.
2023.02.07 17:09:40 WARN  no build tool detected in workspace '/home/lars/studium/semester5/dbsys2/four'. The most common cause for this problem is that the editor was opened in the wrong working directory, for example if you use sbt then the workspace directory should contain build.sbt. 
2023.02.07 17:09:40 WARN  no build target for: /home/lars/studium/semester5/dbsys2/four/src/Aufgabe1_e.java
2023.02.07 17:15:27 INFO  shutting down Metals
